<?xml version="1.0" encoding="UTF-8"?>
<testng-results skipped="0" failed="0" ignored="0" total="1" passed="1">
  <reporter-output>
  </reporter-output>
  <suite name="Default suite" duration-ms="61" started-at="2018-12-14T10:18:54Z" finished-at="2018-12-14T10:18:54Z">
    <groups>
    </groups>
    <test name="Default test" duration-ms="61" started-at="2018-12-14T10:18:54Z" finished-at="2018-12-14T10:18:54Z">
      <class name="demo.sample123.DemoClass">
        <test-method status="PASS" signature="a()[pri:0, instance:demo.sample123.DemoClass@29ee9faa]" name="a" duration-ms="18" started-at="2018-12-14T10:18:54Z" finished-at="2018-12-14T10:18:54Z">
          <reporter-output>
          </reporter-output>
        </test-method> <!-- a -->
      </class> <!-- demo.sample123.DemoClass -->
    </test> <!-- Default test -->
  </suite> <!-- Default suite -->
</testng-results>
